
202. Executing CHECK pass (checking for obvious problems).
Checking module $paramod$0d6821863df679da8d9cf1616e02c9810f9660fb\picorv32...
Checking module $paramod$fd93f4e483df401c7b2f939dc091215b8a049eda\picosoc...
Checking module digel_soc...
Checking module picosoc_regs...
Checking module simpleuart...
Checking module sine_rom...
Checking module spimemio...
Checking module spimemio_xfer...
Checking module wave_gen...
Warning: multiple conflicting drivers for wave_gen.\param1[11]:
    port Q[0] of cell $auto$ff.cc:266:slice$15305 (sky130_fd_sc_hd__dfxtp_1)
    port Q[0] of cell $auto$ff.cc:266:slice$15321 (sky130_fd_sc_hd__dfxtp_1)
Warning: multiple conflicting drivers for wave_gen.\param1[10]:
    port Q[0] of cell $auto$ff.cc:266:slice$15304 (sky130_fd_sc_hd__dfxtp_1)
    port Q[0] of cell $auto$ff.cc:266:slice$15320 (sky130_fd_sc_hd__dfxtp_1)
Warning: multiple conflicting drivers for wave_gen.\param1[9]:
    port Q[0] of cell $auto$ff.cc:266:slice$15303 (sky130_fd_sc_hd__dfxtp_1)
    port Q[0] of cell $auto$ff.cc:266:slice$15319 (sky130_fd_sc_hd__dfxtp_1)
Warning: multiple conflicting drivers for wave_gen.\param1[8]:
    port Q[0] of cell $auto$ff.cc:266:slice$15302 (sky130_fd_sc_hd__dfxtp_1)
    port Q[0] of cell $auto$ff.cc:266:slice$15318 (sky130_fd_sc_hd__dfxtp_1)
Warning: multiple conflicting drivers for wave_gen.\param1[7]:
    port Q[0] of cell $auto$ff.cc:266:slice$15301 (sky130_fd_sc_hd__dfxtp_1)
    port Q[0] of cell $auto$ff.cc:266:slice$15317 (sky130_fd_sc_hd__dfxtp_1)
Warning: multiple conflicting drivers for wave_gen.\param1[6]:
    port Q[0] of cell $auto$ff.cc:266:slice$15300 (sky130_fd_sc_hd__dfxtp_1)
    port Q[0] of cell $auto$ff.cc:266:slice$15316 (sky130_fd_sc_hd__dfxtp_1)
Warning: multiple conflicting drivers for wave_gen.\param1[5]:
    port Q[0] of cell $auto$ff.cc:266:slice$15299 (sky130_fd_sc_hd__dfxtp_1)
    port Q[0] of cell $auto$ff.cc:266:slice$15315 (sky130_fd_sc_hd__dfxtp_1)
Warning: multiple conflicting drivers for wave_gen.\param1[4]:
    port Q[0] of cell $auto$ff.cc:266:slice$15298 (sky130_fd_sc_hd__dfxtp_1)
    port Q[0] of cell $auto$ff.cc:266:slice$15314 (sky130_fd_sc_hd__dfxtp_1)
Warning: multiple conflicting drivers for wave_gen.\param1[3]:
    port Q[0] of cell $auto$ff.cc:266:slice$15297 (sky130_fd_sc_hd__dfxtp_1)
    port Q[0] of cell $auto$ff.cc:266:slice$15313 (sky130_fd_sc_hd__dfxtp_1)
Warning: multiple conflicting drivers for wave_gen.\param1[2]:
    port Q[0] of cell $auto$ff.cc:266:slice$15296 (sky130_fd_sc_hd__dfxtp_1)
    port Q[0] of cell $auto$ff.cc:266:slice$15312 (sky130_fd_sc_hd__dfxtp_1)
Warning: multiple conflicting drivers for wave_gen.\param1[1]:
    port Q[0] of cell $auto$ff.cc:266:slice$15295 (sky130_fd_sc_hd__dfxtp_1)
    port Q[0] of cell $auto$ff.cc:266:slice$15311 (sky130_fd_sc_hd__dfxtp_1)
Warning: multiple conflicting drivers for wave_gen.\param1[0]:
    port Q[0] of cell $auto$ff.cc:266:slice$15294 (sky130_fd_sc_hd__dfxtp_1)
    port Q[0] of cell $auto$ff.cc:266:slice$15310 (sky130_fd_sc_hd__dfxtp_1)
Found and reported 12 problems.
