(hammer) report_power -corner setup -digits 3
Group                  Internal  Switching    Leakage      Total
                          Power      Power      Power      Power (Watts)
----------------------------------------------------------------
Sequential            1.448e-03  1.201e-04  3.378e-05  1.602e-03  50.0%
Combinational         5.290e-04  8.805e-04  1.955e-04  1.605e-03  50.0%
Macro                 0.000e+00  0.000e+00  0.000e+00  0.000e+00   0.0%
Pad                   0.000e+00  0.000e+00  0.000e+00  0.000e+00   0.0%
----------------------------------------------------------------
Total                 1.977e-03  1.001e-03  2.293e-04  3.207e-03 100.0%
                          61.6%      31.2%       7.1%
(hammer) report_power_metric -corner setup
(hammer) report_power -corner hold -digits 3
Group                  Internal  Switching    Leakage      Total
                          Power      Power      Power      Power (Watts)
----------------------------------------------------------------
Sequential            2.379e-03  1.812e-04  1.880e-07  2.560e-03  54.1%
Combinational         6.783e-04  1.352e-03  1.403e-04  2.171e-03  45.9%
Macro                 0.000e+00  0.000e+00  0.000e+00  0.000e+00   0.0%
Pad                   0.000e+00  0.000e+00  0.000e+00  0.000e+00   0.0%
----------------------------------------------------------------
Total                 3.057e-03  1.534e-03  1.405e-04  4.731e-03 100.0%
                          64.6%      32.4%       3.0%
(hammer) report_power_metric -corner hold
