(hammer) report_units
 time 1ns
 capacitance 1pF
 resistance 1kohm
 voltage 1v
 current 1mA
 power 1nW
 distance 1um
(hammer) report_units_metric
(hammer) report_tns -digits 3
tns 0.000
(hammer) report_tns_metric -setup
(hammer) report_tns_metric -hold
(hammer) report_wns -digits 3
wns 0.000
(hammer) report_worst_negative_slack_metric -setup
(hammer) report_worst_negative_slack_metric -hold
(hammer) report_worst_slack -max -digits 3
worst slack 6.145
(hammer) report_worst_slack -min -digits 3
worst slack 0.106
(hammer) report_worst_slack_metric -setup
(hammer) report_worst_slack_metric -hold
(hammer) report_clock_skew -digits 3
Clock clk
Latency      CRPR       Skew
soc/spimemio/_1206_/CLK ^
  0.082
soc/cpu/_09927_/CLK ^
  0.000     0.000      0.082

(hammer) report_clock_skew_metric
