(hammer) report_power -corner setup -digits 3
Group                  Internal  Switching    Leakage      Total
                          Power      Power      Power      Power (Watts)
----------------------------------------------------------------
Sequential            1.449e-03  1.505e-04  3.378e-05  1.633e-03  47.7%
Combinational         5.311e-04  1.064e-03  1.956e-04  1.791e-03  52.3%
Macro                 0.000e+00  0.000e+00  0.000e+00  0.000e+00   0.0%
Pad                   0.000e+00  0.000e+00  0.000e+00  0.000e+00   0.0%
----------------------------------------------------------------
Total                 1.980e-03  1.214e-03  2.294e-04  3.424e-03 100.0%
                          57.8%      35.5%       6.7%
(hammer) report_power_metric -corner setup
(hammer) report_power -corner hold -digits 3
Group                  Internal  Switching    Leakage      Total
                          Power      Power      Power      Power (Watts)
----------------------------------------------------------------
Sequential            2.419e-03  2.264e-04  1.880e-07  2.646e-03  51.9%
Combinational         6.875e-04  1.624e-03  1.403e-04  2.452e-03  48.1%
Macro                 0.000e+00  0.000e+00  0.000e+00  0.000e+00   0.0%
Pad                   0.000e+00  0.000e+00  0.000e+00  0.000e+00   0.0%
----------------------------------------------------------------
Total                 3.107e-03  1.850e-03  1.405e-04  5.098e-03 100.0%
                          60.9%      36.3%       2.8%
(hammer) report_power_metric -corner hold
