(hammer) report_check_types -max_slew -max_capacitance -max_fanout -violators -digits 3
max slew

Pin                                     Limit     Slew    Slack
---------------------------------------------------------------
soc/spimemio/_0742_/Y                   1.494   10.939   -9.445 (VIOLATED)
soc/spimemio/_0734_/Y                   1.494   10.936   -9.442 (VIOLATED)
soc/_306_/B2                            1.500   10.941   -9.441 (VIOLATED)
soc/spimemio/xfer/_240_/A2              1.500   10.939   -9.439 (VIOLATED)
soc/_294_/B2                            1.500   10.938   -9.438 (VIOLATED)
soc/spimemio/xfer/_226_/A               1.500   10.936   -9.436 (VIOLATED)
soc/spimemio/xfer/_229_/A               1.500   10.936   -9.436 (VIOLATED)
soc/spimemio/_0738_/Y                   1.494   10.922   -9.428 (VIOLATED)
soc/_300_/B2                            1.500   10.922   -9.422 (VIOLATED)
soc/spimemio/xfer/_236_/A2              1.500   10.922   -9.422 (VIOLATED)
soc/spimemio/_0730_/Y                   1.494   10.882   -9.388 (VIOLATED)
soc/_283_/B2                            1.500   10.884   -9.384 (VIOLATED)
soc/spimemio/xfer/_225_/A               1.500   10.882   -9.382 (VIOLATED)
soc/memory/clk                          0.040    1.323   -1.283 (VIOLATED)
clkbuf_leaf_19_clk/A                    1.500    2.094   -0.594 (VIOLATED)
clkbuf_leaf_20_clk/A                    1.500    2.094   -0.594 (VIOLATED)
clkbuf_leaf_21_clk/A                    1.500    2.094   -0.594 (VIOLATED)
clkbuf_leaf_22_clk/A                    1.500    2.094   -0.594 (VIOLATED)
clkbuf_leaf_23_clk/A                    1.500    2.094   -0.594 (VIOLATED)
clkbuf_leaf_29_clk/A                    1.500    2.094   -0.594 (VIOLATED)
clkbuf_leaf_27_clk/A                    1.500    2.094   -0.594 (VIOLATED)
clkbuf_leaf_28_clk/A                    1.500    2.094   -0.594 (VIOLATED)
clkbuf_leaf_26_clk/A                    1.500    2.094   -0.594 (VIOLATED)
clkbuf_leaf_25_clk/A                    1.500    2.094   -0.594 (VIOLATED)
clkbuf_leaf_18_clk/A                    1.500    2.094   -0.594 (VIOLATED)
clkbuf_leaf_17_clk/A                    1.500    2.094   -0.594 (VIOLATED)
clkbuf_leaf_24_clk/A                    1.500    2.094   -0.594 (VIOLATED)
clkbuf_leaf_16_clk/A                    1.500    2.094   -0.594 (VIOLATED)
clkbuf_leaf_15_clk/A                    1.500    2.094   -0.594 (VIOLATED)
clkbuf_leaf_34_clk/A                    1.500    2.094   -0.594 (VIOLATED)
clkbuf_leaf_35_clk/A                    1.500    2.094   -0.594 (VIOLATED)
clkbuf_3_5_0_clk/X                      1.512    2.094   -0.582 (VIOLATED)
clkbuf_leaf_71_clk/A                    1.500    1.940   -0.440 (VIOLATED)
clkbuf_leaf_76_clk/A                    1.500    1.940   -0.440 (VIOLATED)
clkbuf_leaf_78_clk/A                    1.500    1.940   -0.440 (VIOLATED)
clkbuf_leaf_72_clk/A                    1.500    1.940   -0.440 (VIOLATED)
clkbuf_leaf_77_clk/A                    1.500    1.940   -0.440 (VIOLATED)
clkbuf_leaf_70_clk/A                    1.500    1.940   -0.440 (VIOLATED)
clkbuf_leaf_69_clk/A                    1.500    1.940   -0.440 (VIOLATED)
clkbuf_leaf_75_clk/A                    1.500    1.940   -0.440 (VIOLATED)
clkbuf_leaf_73_clk/A                    1.500    1.940   -0.440 (VIOLATED)
clkbuf_leaf_79_clk/A                    1.500    1.940   -0.440 (VIOLATED)
clkbuf_leaf_81_clk/A                    1.500    1.940   -0.440 (VIOLATED)
clkbuf_leaf_74_clk/A                    1.500    1.940   -0.440 (VIOLATED)
clkbuf_leaf_68_clk/A                    1.500    1.940   -0.440 (VIOLATED)
clkbuf_leaf_82_clk/A                    1.500    1.940   -0.440 (VIOLATED)
clkbuf_3_2_0_clk/X                      1.512    1.940   -0.428 (VIOLATED)
soc/_308_/A2                            1.500    1.923   -0.423 (VIOLATED)
soc/memory/dout[28]                     0.040    0.448   -0.408 (VIOLATED)
soc/_296_/A2                            1.500    1.861   -0.361 (VIOLATED)
soc/memory/dout[30]                     0.040    0.376   -0.336 (VIOLATED)
soc/memory/dout[29]                     0.040    0.339   -0.299 (VIOLATED)
soc/memory/dout[26]                     0.040    0.337   -0.297 (VIOLATED)
soc/memory/dout[14]                     0.040    0.334   -0.294 (VIOLATED)
soc/memory/din[29]                      0.040    0.333   -0.293 (VIOLATED)
soc/memory/dout[27]                     0.040    0.331   -0.291 (VIOLATED)
soc/memory/dout[25]                     0.040    0.328   -0.288 (VIOLATED)
soc/memory/dout[12]                     0.040    0.322   -0.282 (VIOLATED)
soc/memory/din[23]                      0.040    0.319   -0.279 (VIOLATED)
soc/memory/dout[23]                     0.040    0.319   -0.279 (VIOLATED)
soc/memory/dout[7]                      0.040    0.318   -0.278 (VIOLATED)
soc/memory/dout[15]                     0.040    0.318   -0.278 (VIOLATED)
soc/memory/dout[31]                     0.040    0.318   -0.278 (VIOLATED)
soc/memory/dout[24]                     0.040    0.317   -0.277 (VIOLATED)
soc/memory/dout[6]                      0.040    0.316   -0.276 (VIOLATED)
soc/memory/din[14]                      0.040    0.315   -0.275 (VIOLATED)
soc/memory/din[20]                      0.040    0.315   -0.275 (VIOLATED)
soc/memory/din[25]                      0.040    0.315   -0.275 (VIOLATED)
soc/memory/din[10]                      0.040    0.315   -0.275 (VIOLATED)
soc/memory/din[22]                      0.040    0.315   -0.275 (VIOLATED)
soc/memory/dout[9]                      0.040    0.309   -0.269 (VIOLATED)
soc/memory/dout[2]                      0.040    0.307   -0.267 (VIOLATED)
soc/memory/dout[8]                      0.040    0.305   -0.265 (VIOLATED)
soc/memory/dout[1]                      0.040    0.304   -0.264 (VIOLATED)
soc/memory/dout[0]                      0.040    0.304   -0.264 (VIOLATED)
soc/memory/dout[13]                     0.040    0.298   -0.258 (VIOLATED)
soc/memory/dout[10]                     0.040    0.297   -0.257 (VIOLATED)
soc/memory/dout[11]                     0.040    0.297   -0.257 (VIOLATED)
soc/memory/dout[5]                      0.040    0.295   -0.255 (VIOLATED)
soc/memory/dout[3]                      0.040    0.295   -0.255 (VIOLATED)
soc/memory/dout[4]                      0.040    0.295   -0.255 (VIOLATED)
soc/memory/dout[20]                     0.040    0.292   -0.252 (VIOLATED)
soc/memory/wmask[1]                     0.040    0.291   -0.251 (VIOLATED)
soc/memory/wmask[0]                     0.040    0.291   -0.251 (VIOLATED)
soc/memory/wmask[2]                     0.040    0.290   -0.250 (VIOLATED)
soc/memory/dout[22]                     0.040    0.289   -0.249 (VIOLATED)
soc/memory/dout[21]                     0.040    0.289   -0.249 (VIOLATED)
soc/memory/dout[17]                     0.040    0.288   -0.248 (VIOLATED)
soc/memory/dout[16]                     0.040    0.288   -0.248 (VIOLATED)
soc/memory/dout[18]                     0.040    0.286   -0.246 (VIOLATED)
soc/memory/dout[19]                     0.040    0.277   -0.237 (VIOLATED)
soc/memory/din[19]                      0.040    0.265   -0.225 (VIOLATED)
soc/memory/din[18]                      0.040    0.264   -0.224 (VIOLATED)
soc/memory/din[31]                      0.040    0.264   -0.224 (VIOLATED)
soc/memory/din[5]                       0.040    0.263   -0.223 (VIOLATED)
soc/memory/din[7]                       0.040    0.263   -0.223 (VIOLATED)
soc/memory/din[17]                      0.040    0.263   -0.223 (VIOLATED)
soc/memory/din[3]                       0.040    0.263   -0.223 (VIOLATED)
soc/memory/din[4]                       0.040    0.263   -0.223 (VIOLATED)
clkbuf_leaf_94_clk/A                    1.500    1.700   -0.200 (VIOLATED)
clkbuf_leaf_10_clk/A                    1.500    1.700   -0.200 (VIOLATED)
clkbuf_leaf_5_clk/A                     1.500    1.700   -0.200 (VIOLATED)
clkbuf_leaf_6_clk/A                     1.500    1.700   -0.200 (VIOLATED)
clkbuf_leaf_9_clk/A                     1.500    1.700   -0.200 (VIOLATED)
clkbuf_leaf_7_clk/A                     1.500    1.700   -0.200 (VIOLATED)
clkbuf_leaf_37_clk/A                    1.500    1.700   -0.200 (VIOLATED)
clkbuf_leaf_11_clk/A                    1.500    1.700   -0.200 (VIOLATED)
clkbuf_leaf_12_clk/A                    1.500    1.700   -0.200 (VIOLATED)
clkbuf_leaf_13_clk/A                    1.500    1.700   -0.200 (VIOLATED)
clkbuf_leaf_36_clk/A                    1.500    1.700   -0.200 (VIOLATED)
clkbuf_leaf_8_clk/A                     1.500    1.700   -0.200 (VIOLATED)
clkbuf_leaf_14_clk/A                    1.500    1.700   -0.200 (VIOLATED)
clkbuf_3_4_0_clk/X                      1.512    1.700   -0.187 (VIOLATED)
soc/memory/din[26]                      0.040    0.225   -0.185 (VIOLATED)
soc/memory/din[30]                      0.040    0.222   -0.182 (VIOLATED)
soc/memory/din[27]                      0.040    0.220   -0.180 (VIOLATED)
soc/memory/din[24]                      0.040    0.216   -0.176 (VIOLATED)
soc/memory/din[15]                      0.040    0.214   -0.174 (VIOLATED)
soc/memory/din[21]                      0.040    0.213   -0.173 (VIOLATED)
soc/memory/din[16]                      0.040    0.212   -0.172 (VIOLATED)
soc/memory/din[13]                      0.040    0.212   -0.172 (VIOLATED)
soc/memory/din[11]                      0.040    0.212   -0.172 (VIOLATED)
soc/memory/din[28]                      0.040    0.212   -0.172 (VIOLATED)
soc/memory/din[12]                      0.040    0.212   -0.172 (VIOLATED)
soc/memory/wmask[3]                     0.040    0.202   -0.162 (VIOLATED)
soc/memory/din[8]                       0.040    0.195   -0.155 (VIOLATED)
soc/memory/din[9]                       0.040    0.194   -0.154 (VIOLATED)
soc/memory/din[0]                       0.040    0.194   -0.154 (VIOLATED)
soc/memory/addr[4]                      0.040    0.179   -0.139 (VIOLATED)
soc/memory/addr[6]                      0.040    0.178   -0.138 (VIOLATED)
soc/memory/addr[5]                      0.040    0.177   -0.137 (VIOLATED)
soc/memory/addr[7]                      0.040    0.177   -0.137 (VIOLATED)
soc/memory/addr[3]                      0.040    0.177   -0.137 (VIOLATED)
soc/memory/we                           0.040    0.175   -0.135 (VIOLATED)
soc/cpu/_08428_/A2                      1.500    1.635   -0.135 (VIOLATED)
soc/memory/din[6]                       0.040    0.167   -0.127 (VIOLATED)
soc/memory/din[1]                       0.040    0.167   -0.127 (VIOLATED)
soc/memory/din[2]                       0.040    0.167   -0.127 (VIOLATED)
clkbuf_leaf_4_clk/A                     1.500    1.621   -0.121 (VIOLATED)
clkbuf_leaf_39_clk/A                    1.500    1.621   -0.121 (VIOLATED)
clkbuf_leaf_40_clk/A                    1.500    1.621   -0.121 (VIOLATED)
clkbuf_leaf_41_clk/A                    1.500    1.621   -0.121 (VIOLATED)
clkbuf_leaf_38_clk/A                    1.500    1.621   -0.121 (VIOLATED)
clkbuf_leaf_54_clk/A                    1.500    1.621   -0.121 (VIOLATED)
clkbuf_leaf_53_clk/A                    1.500    1.621   -0.121 (VIOLATED)
clkbuf_leaf_56_clk/A                    1.500    1.621   -0.121 (VIOLATED)
clkbuf_leaf_55_clk/A                    1.500    1.621   -0.121 (VIOLATED)
clkbuf_leaf_42_clk/A                    1.500    1.621   -0.121 (VIOLATED)
clkbuf_leaf_43_clk/A                    1.500    1.621   -0.121 (VIOLATED)
clkbuf_leaf_44_clk/A                    1.500    1.621   -0.121 (VIOLATED)
clkbuf_3_6_0_clk/X                      1.512    1.621   -0.109 (VIOLATED)
soc/_288_/A2                            1.500    1.596   -0.096 (VIOLATED)
soc/_302_/A2                            1.500    1.589   -0.089 (VIOLATED)
soc/cpu/_10559_/CLK                     1.500    1.580   -0.080 (VIOLATED)
soc/cpu/_10047_/CLK                     1.500    1.580   -0.080 (VIOLATED)
soc/cpu/_10561_/CLK                     1.500    1.580   -0.080 (VIOLATED)
soc/cpu/_10046_/CLK                     1.500    1.580   -0.080 (VIOLATED)
soc/cpu/_10565_/CLK                     1.500    1.580   -0.080 (VIOLATED)
soc/cpu/_10391_/CLK                     1.500    1.580   -0.080 (VIOLATED)
soc/cpu/_09965_/CLK                     1.500    1.580   -0.080 (VIOLATED)
soc/cpu/_10435_/CLK                     1.500    1.580   -0.080 (VIOLATED)
soc/cpu/_10522_/CLK                     1.500    1.580   -0.080 (VIOLATED)
soc/cpu/_09932_/CLK                     1.500    1.580   -0.080 (VIOLATED)
soc/cpu/_09868_/CLK                     1.500    1.580   -0.080 (VIOLATED)
soc/cpu/_10434_/CLK                     1.500    1.580   -0.080 (VIOLATED)
soc/cpu/_10044_/CLK                     1.500    1.580   -0.080 (VIOLATED)
soc/cpu/_10241_/CLK                     1.500    1.580   -0.080 (VIOLATED)
soc/cpu/_10242_/CLK                     1.500    1.580   -0.080 (VIOLATED)
soc/cpu/_10050_/CLK                     1.500    1.580   -0.080 (VIOLATED)
soc/cpu/_10049_/CLK                     1.500    1.580   -0.080 (VIOLATED)
soc/cpu/_10210_/CLK                     1.500    1.580   -0.080 (VIOLATED)
soc/cpu/_10212_/CLK                     1.500    1.580   -0.080 (VIOLATED)
soc/cpu/_10211_/CLK                     1.500    1.580   -0.080 (VIOLATED)
soc/cpu/_10045_/CLK                     1.500    1.580   -0.080 (VIOLATED)
soc/cpu/_10408_/CLK                     1.500    1.580   -0.080 (VIOLATED)
soc/cpu/_10206_/CLK                     1.500    1.580   -0.080 (VIOLATED)
soc/cpu/_10207_/CLK                     1.500    1.580   -0.080 (VIOLATED)
soc/cpu/_10208_/CLK                     1.500    1.580   -0.080 (VIOLATED)
soc/cpu/_10209_/CLK                     1.500    1.580   -0.080 (VIOLATED)
soc/cpu/_10238_/CLK                     1.500    1.580   -0.080 (VIOLATED)
soc/cpu/_10237_/CLK                     1.500    1.580   -0.080 (VIOLATED)
soc/cpu/_10240_/CLK                     1.500    1.580   -0.080 (VIOLATED)
soc/cpu/_10048_/CLK                     1.500    1.580   -0.080 (VIOLATED)
clkbuf_leaf_3_clk/X                     1.512    1.580   -0.068 (VIOLATED)
soc/memory/addr[1]                      0.040    0.089   -0.049 (VIOLATED)
soc/memory/addr[2]                      0.040    0.088   -0.048 (VIOLATED)
soc/memory/addr[0]                      0.040    0.088   -0.048 (VIOLATED)
clkbuf_leaf_51_clk/A                    1.500    1.529   -0.029 (VIOLATED)
clkbuf_leaf_49_clk/A                    1.500    1.529   -0.029 (VIOLATED)
clkbuf_leaf_50_clk/A                    1.500    1.529   -0.029 (VIOLATED)
clkbuf_leaf_48_clk/A                    1.500    1.529   -0.029 (VIOLATED)
clkbuf_leaf_30_clk/A                    1.500    1.529   -0.029 (VIOLATED)
clkbuf_leaf_31_clk/A                    1.500    1.529   -0.029 (VIOLATED)
clkbuf_leaf_32_clk/A                    1.500    1.529   -0.029 (VIOLATED)
clkbuf_leaf_47_clk/A                    1.500    1.529   -0.029 (VIOLATED)
clkbuf_leaf_52_clk/A                    1.500    1.529   -0.029 (VIOLATED)
clkbuf_leaf_45_clk/A                    1.500    1.529   -0.029 (VIOLATED)
clkbuf_leaf_33_clk/A                    1.500    1.529   -0.029 (VIOLATED)
clkbuf_leaf_46_clk/A                    1.500    1.529   -0.029 (VIOLATED)
clkbuf_3_7_0_clk/X                      1.512    1.529   -0.017 (VIOLATED)
soc/cpu/_10377_/CLK                     1.500    1.511   -0.011 (VIOLATED)
soc/cpu/_10473_/CLK                     1.500    1.511   -0.011 (VIOLATED)
soc/cpu/_10378_/CLK                     1.500    1.511   -0.011 (VIOLATED)
soc/cpu/_09870_/CLK                     1.500    1.511   -0.011 (VIOLATED)
soc/cpu/_10371_/CLK                     1.500    1.511   -0.011 (VIOLATED)
soc/cpu/_10379_/CLK                     1.500    1.511   -0.011 (VIOLATED)
soc/cpu/_10380_/CLK                     1.500    1.511   -0.011 (VIOLATED)
soc/cpu/_10036_/CLK                     1.500    1.511   -0.011 (VIOLATED)
soc/cpu/_10362_/CLK                     1.500    1.511   -0.011 (VIOLATED)
soc/cpu/_09867_/CLK                     1.500    1.511   -0.011 (VIOLATED)
soc/cpu/_10509_/CLK                     1.500    1.511   -0.011 (VIOLATED)
soc/cpu/_09977_/CLK                     1.500    1.511   -0.011 (VIOLATED)
soc/cpu/_09985_/CLK                     1.500    1.511   -0.011 (VIOLATED)
soc/cpu/_10507_/CLK                     1.500    1.511   -0.011 (VIOLATED)
soc/cpu/_10508_/CLK                     1.500    1.511   -0.011 (VIOLATED)
soc/cpu/_09976_/CLK                     1.500    1.511   -0.011 (VIOLATED)
soc/cpu/_09980_/CLK                     1.500    1.511   -0.011 (VIOLATED)
soc/cpu/_09869_/CLK                     1.500    1.511   -0.011 (VIOLATED)
soc/cpu/_09978_/CLK                     1.500    1.511   -0.011 (VIOLATED)
soc/cpu/_09979_/CLK                     1.500    1.511   -0.011 (VIOLATED)
soc/cpu/_10510_/CLK                     1.500    1.511   -0.011 (VIOLATED)
soc/cpu/_09969_/CLK                     1.500    1.511   -0.011 (VIOLATED)
soc/cpu/_10028_/CLK                     1.500    1.511   -0.011 (VIOLATED)
soc/cpu/_10029_/CLK                     1.500    1.511   -0.011 (VIOLATED)
soc/cpu/_10382_/CLK                     1.500    1.511   -0.011 (VIOLATED)
soc/cpu/_10439_/CLK                     1.500    1.511   -0.011 (VIOLATED)
soc/cpu/_10472_/CLK                     1.500    1.511   -0.011 (VIOLATED)
soc/cpu/_10556_/CLK                     1.500    1.511   -0.011 (VIOLATED)
soc/cpu/_10557_/CLK                     1.500    1.511   -0.011 (VIOLATED)
soc/cpu/_10558_/CLK                     1.500    1.511   -0.011 (VIOLATED)
soc/simpleuart/_1397_/CLK               1.500    1.505   -0.005 (VIOLATED)
soc/simpleuart/_1394_/CLK               1.500    1.505   -0.005 (VIOLATED)
soc/simpleuart/_1395_/CLK               1.500    1.505   -0.005 (VIOLATED)
soc/simpleuart/_1474_/CLK               1.500    1.505   -0.005 (VIOLATED)
soc/simpleuart/_1476_/CLK               1.500    1.505   -0.005 (VIOLATED)
soc/simpleuart/_1477_/CLK               1.500    1.505   -0.005 (VIOLATED)
soc/simpleuart/_1475_/CLK               1.500    1.505   -0.005 (VIOLATED)
soc/simpleuart/_1425_/CLK               1.500    1.505   -0.005 (VIOLATED)
soc/simpleuart/_1426_/CLK               1.500    1.505   -0.005 (VIOLATED)
soc/simpleuart/_1427_/CLK               1.500    1.505   -0.005 (VIOLATED)
soc/simpleuart/_1428_/CLK               1.500    1.505   -0.005 (VIOLATED)
soc/simpleuart/_1429_/CLK               1.500    1.505   -0.005 (VIOLATED)
soc/simpleuart/_1460_/CLK               1.500    1.505   -0.005 (VIOLATED)
soc/spimemio/_1224_/CLK                 1.500    1.505   -0.005 (VIOLATED)
soc/simpleuart/_1462_/CLK               1.500    1.505   -0.005 (VIOLATED)
soc/simpleuart/_1416_/CLK               1.500    1.505   -0.005 (VIOLATED)
soc/simpleuart/_1415_/CLK               1.500    1.505   -0.005 (VIOLATED)
soc/simpleuart/_1417_/CLK               1.500    1.505   -0.005 (VIOLATED)
soc/simpleuart/_1414_/CLK               1.500    1.505   -0.005 (VIOLATED)
soc/simpleuart/_1422_/CLK               1.500    1.505   -0.005 (VIOLATED)
soc/simpleuart/_1423_/CLK               1.500    1.505   -0.005 (VIOLATED)
soc/simpleuart/_1421_/CLK               1.500    1.505   -0.005 (VIOLATED)
soc/simpleuart/_1420_/CLK               1.500    1.505   -0.005 (VIOLATED)
soc/simpleuart/_1418_/CLK               1.500    1.505   -0.005 (VIOLATED)
soc/simpleuart/_1419_/CLK               1.500    1.505   -0.005 (VIOLATED)
soc/simpleuart/_1378_/CLK               1.500    1.505   -0.005 (VIOLATED)
soc/simpleuart/_1379_/CLK               1.500    1.505   -0.005 (VIOLATED)
soc/simpleuart/_1393_/CLK               1.500    1.505   -0.005 (VIOLATED)
soc/simpleuart/_1461_/CLK               1.500    1.505   -0.005 (VIOLATED)

max capacitance

Pin                                     Limit      Cap    Slack
---------------------------------------------------------------
soc/spimemio/_0734_/Y                   0.132    1.007   -0.875 (VIOLATED)
soc/spimemio/_0738_/Y                   0.132    1.005   -0.873 (VIOLATED)
soc/spimemio/_0742_/Y                   0.132    1.005   -0.873 (VIOLATED)
soc/spimemio/_0730_/Y                   0.132    1.005   -0.873 (VIOLATED)
clkbuf_leaf_92_clk/X                    0.081    0.389   -0.308 (VIOLATED)
clkbuf_3_5_0_clk/X                      0.081    0.115   -0.033 (VIOLATED)
clkbuf_3_2_0_clk/X                      0.081    0.106   -0.025 (VIOLATED)
soc/memory/dout[28]                     0.028    0.042   -0.015 (VIOLATED)
clkbuf_3_4_0_clk/X                      0.081    0.093   -0.011 (VIOLATED)
clkbuf_3_6_0_clk/X                      0.081    0.089   -0.007 (VIOLATED)
clkbuf_leaf_3_clk/X                     0.081    0.086   -0.005 (VIOLATED)
soc/memory/dout[30]                     0.028    0.031   -0.003 (VIOLATED)
clkbuf_3_7_0_clk/X                      0.081    0.083   -0.002 (VIOLATED)
clkbuf_leaf_88_clk/X                    0.081    0.082   -0.001 (VIOLATED)
clkbuf_leaf_77_clk/X                    0.081    0.082   -0.000 (VIOLATED)

