  violation type: Metal Spacing
    srcs: net:soc/cpu/cpuregs/regs\[4\]\[17\] net:net284 
    bbox = ( 131.635, 762.905 ) - ( 131.925, 763 ) on Layer met1
  violation type: Short
    srcs: net:soc/cpu/cpuregs/regs\[4\]\[17\] net:net312 
    bbox = ( 132.1, 760.34 ) - ( 132.42, 760.48 ) on Layer met1
  violation type: Metal Spacing
    srcs: net:soc/cpu/cpuregs/regs\[14\]\[17\] net:soc/cpu/cpuregs/regs\[15\]\[17\] 
    bbox = ( 125.26, 722.12 ) - ( 125.51, 722.215 ) on Layer met1
  violation type: Short
    srcs: net:soc/cpu/cpuregs/regs\[14\]\[17\] net:soc/cpu/cpuregs/regs\[15\]\[17\] 
    bbox = ( 128.975, 724.64 ) - ( 129.265, 724.78 ) on Layer met1
  violation type: Short
    srcs: net:soc/cpu/cpuregs/regs\[14\]\[17\] net:soc/cpu/cpuregs/regs\[15\]\[17\] 
    bbox = ( 128.04, 724.64 ) - ( 128.18, 724.78 ) on Layer met1
  violation type: Short
    srcs: net:soc/cpu/cpuregs/regs\[14\]\[17\] net:soc/cpu/cpuregs/regs\[15\]\[17\] 
    bbox = ( 128.04, 724.64 ) - ( 129.265, 724.78 ) on Layer met1
  violation type: Metal Spacing
    srcs: net:soc/cpu/cpuregs/regs\[14\]\[17\] net:VSS 
    bbox = ( 125.48, 721.83 ) - ( 125.54, 722.15 ) on Layer met2
  violation type: Metal Spacing
    srcs: net:soc/cpu/cpuregs/regs\[14\]\[17\] net:VSS 
    bbox = ( 125.48, 721.92 ) - ( 125.54, 722.06 ) on Layer met2
  violation type: Metal Spacing
    srcs: net:soc/cpu/_00431_ net:net1037 
    bbox = ( 405.195, 338.725 ) - ( 405.35, 338.895 ) on Layer li1
  violation type: Metal Spacing
    srcs: inst:wave_gen_inst/_4378_ net:net784 
    bbox = ( 577.235, 249.645 ) - ( 577.385, 249.815 ) on Layer li1
  violation type: Metal Spacing
    srcs: net:soc/cpu/_00633_ net:net995 
    bbox = ( 294.355, 357.425 ) - ( 294.49, 357.595 ) on Layer li1
  violation type: Metal Spacing
    srcs: net:net851 net:soc/cpu/_02948_ 
    bbox = ( 290.635, 495.805 ) - ( 290.785, 495.975 ) on Layer li1
  violation type: Metal Spacing
    srcs: inst:soc/cpu/_07209_ net:clknet_3_1_0_clk 
    bbox = ( 338.935, 333.625 ) - ( 339.065, 333.665 ) on Layer li1
  violation type: Metal Spacing
    srcs: net:soc/cpu/_00411_ net:net1050 
    bbox = ( 350.455, 335.665 ) - ( 350.61, 335.835 ) on Layer li1
  violation type: Short
    srcs: net:net317 net:soc/cpu/cpuregs/regs\[30\]\[1\] 
    bbox = ( 369.68, 915.04 ) - ( 369.745, 915.225 ) on Layer met1
  violation type: Short
    srcs: net:net317 net:soc/cpu/cpuregs/regs\[30\]\[1\] 
    bbox = ( 369.68, 915.04 ) - ( 369.745, 915.18 ) on Layer met1
  violation type: Short
    srcs: net:net317 net:soc/cpu/cpuregs/regs\[30\]\[1\] 
    bbox = ( 371.38, 915.04 ) - ( 371.52, 915.18 ) on Layer met1
  violation type: Short
    srcs: net:net317 net:soc/cpu/cpuregs/regs\[30\]\[1\] 
    bbox = ( 369.68, 915.04 ) - ( 369.82, 915.18 ) on Layer met1
  violation type: Short
    srcs: net:net317 net:soc/cpu/cpuregs/regs\[30\]\[1\] 
    bbox = ( 369.68, 915.04 ) - ( 371.52, 915.18 ) on Layer met1
  violation type: Short
    srcs: net:soc/cpu/cpuregs/regs\[30\]\[18\] net:soc/cpu/cpuregs/regs\[31\]\[18\] 
    bbox = ( 247.64, 773.6 ) - ( 247.78, 773.74 ) on Layer met1
  violation type: Short
    srcs: net:soc/cpu/cpuregs/regs\[30\]\[18\] net:soc/cpu/cpuregs/regs\[31\]\[18\] 
    bbox = ( 244.845, 776.66 ) - ( 245.115, 776.8 ) on Layer met1
  violation type: Short
    srcs: net:soc/cpu/cpuregs/regs\[30\]\[18\] net:soc/cpu/cpuregs/regs\[31\]\[18\] 
    bbox = ( 244.845, 776.615 ) - ( 245.115, 776.845 ) on Layer met1
  violation type: Metal Spacing
    srcs: net:soc/cpu/cpuregs/regs\[30\]\[18\] net:VSS 
    bbox = ( 245.135, 776.57 ) - ( 245.14, 776.89 ) on Layer met2
  violation type: Metal Spacing
    srcs: net:soc/cpu/cpuregs/regs\[30\]\[18\] net:VSS 
    bbox = ( 245.135, 776.66 ) - ( 245.14, 776.8 ) on Layer met2
  violation type: Metal Spacing
    srcs: net:soc/cpu/_00180_ net:net836 
    bbox = ( 385.855, 430.525 ) - ( 385.985, 430.695 ) on Layer li1
  violation type: Short
    srcs: net:soc/cpu/cpuregs/regs\[22\]\[9\] net:net286 
    bbox = ( 369.59, 762.72 ) - ( 369.73, 762.905 ) on Layer met1
  violation type: Short
    srcs: net:soc/cpu/cpuregs/regs\[22\]\[9\] net:net286 
    bbox = ( 369.59, 762.72 ) - ( 369.805, 762.86 ) on Layer met1
  violation type: Short
    srcs: net:soc/cpu/cpuregs/regs\[22\]\[9\] net:net286 
    bbox = ( 369.59, 762.72 ) - ( 369.73, 762.86 ) on Layer met1
  violation type: Short
    srcs: net:soc/cpu/cpuregs/regs\[22\]\[9\] net:net286 
    bbox = ( 369.59, 762.72 ) - ( 371.52, 762.86 ) on Layer met1
  violation type: Short
    srcs: net:soc/cpu/cpuregs/regs\[22\]\[9\] net:net286 
    bbox = ( 371.38, 762.72 ) - ( 371.52, 762.86 ) on Layer met1
  violation type: Short
    srcs: net:soc/cpu/cpuregs/_1747_ net:soc/cpu/cpuregs/_1748_ 
    bbox = ( 369.135, 939.86 ) - ( 369.425, 940 ) on Layer met1
  violation type: Short
    srcs: net:soc/cpu/cpuregs/_1747_ net:soc/cpu/cpuregs/_1748_ 
    bbox = ( 368.16, 939.86 ) - ( 368.3, 940 ) on Layer met1
  violation type: Short
    srcs: net:soc/cpu/cpuregs/_1747_ net:soc/cpu/cpuregs/_1748_ 
    bbox = ( 368.16, 939.86 ) - ( 369.425, 940 ) on Layer met1
  violation type: Short
    srcs: net:soc/cpu/cpuregs_raddr2\[2\] net:soc/cpu/cpuregs/regs\[4\]\[7\] 
    bbox = ( 490.89, 760.34 ) - ( 491.21, 760.48 ) on Layer met1
  violation type: Short
    srcs: net:soc/cpu/cpuregs/regs\[22\]\[9\] net:soc/cpu/cpuregs/regs\[23\]\[9\] 
    bbox = ( 366.81, 765.78 ) - ( 366.95, 765.92 ) on Layer met1
  violation type: Short
    srcs: net:soc/cpu/cpuregs/regs\[22\]\[9\] net:soc/cpu/cpuregs/regs\[23\]\[9\] 
    bbox = ( 367.715, 765.78 ) - ( 368.005, 765.92 ) on Layer met1
  violation type: Short
    srcs: net:soc/cpu/cpuregs/regs\[22\]\[9\] net:soc/cpu/cpuregs/regs\[23\]\[9\] 
    bbox = ( 366.81, 765.78 ) - ( 368.005, 765.92 ) on Layer met1
  violation type: Short
    srcs: net:soc/cpu/cpuregs/regs\[4\]\[17\] net:net312 
    bbox = ( 131.235, 760.34 ) - ( 131.525, 760.48 ) on Layer met1
  violation type: Short
    srcs: net:soc/cpu/cpuregs/regs\[4\]\[17\] net:net312 
    bbox = ( 131.235, 760.34 ) - ( 132.42, 760.48 ) on Layer met1
  violation type: Metal Spacing
    srcs: net:soc/cpu/cpuregs/regs\[4\]\[17\] net:VDD 
    bbox = ( 131.56, 762.97 ) - ( 131.66, 763.29 ) on Layer met2
  violation type: Metal Spacing
    srcs: net:_233_ net:net958 
    bbox = ( 483.395, 299.965 ) - ( 483.555, 300.135 ) on Layer li1
  violation type: Short
    srcs: net:net331 net:soc/cpu/cpuregs/regs\[23\]\[19\] 
    bbox = ( 366.905, 740.915 ) - ( 367.005, 741.1 ) on Layer met1
  violation type: Short
    srcs: net:net331 net:soc/cpu/cpuregs/regs\[23\]\[19\] 
    bbox = ( 366.905, 740.96 ) - ( 367.005, 741.1 ) on Layer met1
  violation type: Short
    srcs: net:soc/cpu/cpuregs/regs\[22\]\[19\] net:soc/cpu/cpuregs/regs\[23\]\[19\] 
    bbox = ( 367.3, 740.96 ) - ( 367.44, 741.1 ) on Layer met1
  violation type: Short
    srcs: net:soc/cpu/cpuregs/regs\[22\]\[19\] net:soc/cpu/cpuregs/regs\[23\]\[19\] 
    bbox = ( 368.08, 740.96 ) - ( 368.22, 741.145 ) on Layer met1
  violation type: Short
    srcs: net:soc/cpu/cpuregs/regs\[22\]\[19\] net:soc/cpu/cpuregs/regs\[23\]\[19\] 
    bbox = ( 368.08, 740.96 ) - ( 368.22, 741.1 ) on Layer met1
  violation type: Short
    srcs: net:soc/cpu/cpuregs/regs\[22\]\[19\] net:soc/cpu/cpuregs/regs\[23\]\[19\] 
    bbox = ( 368.075, 740.96 ) - ( 368.22, 741.1 ) on Layer met1
  violation type: Short
    srcs: net:soc/cpu/cpuregs/regs\[22\]\[19\] net:soc/cpu/cpuregs/regs\[23\]\[19\] 
    bbox = ( 367.3, 740.96 ) - ( 368.22, 741.1 ) on Layer met1
  violation type: Short
    srcs: net:net315 net:soc/cpu/cpuregs/regs\[30\]\[30\] 
    bbox = ( 250.86, 928.98 ) - ( 251, 929.12 ) on Layer met1
  violation type: Short
    srcs: net:net315 net:soc/cpu/cpuregs/regs\[30\]\[30\] 
    bbox = ( 251.69, 928.98 ) - ( 252.01, 929.12 ) on Layer met1
  violation type: Short
    srcs: net:net315 net:soc/cpu/cpuregs/regs\[30\]\[30\] 
    bbox = ( 250.86, 928.98 ) - ( 252.01, 929.12 ) on Layer met1
  violation type: Metal Spacing
    srcs: net:soc/cpu/_00969_ net:net837 
    bbox = ( 310.875, 434.265 ) - ( 311.015, 434.435 ) on Layer li1
  violation type: Metal Spacing
    srcs: net:soc/cpu/cpuregs/regs\[4\]\[0\] net:net291 
    bbox = ( 490.89, 936.985 ) - ( 491.125, 937.08 ) on Layer met1
  violation type: Short
    srcs: net:net319 net:soc/cpu/cpuregs/regs\[4\]\[0\] 
    bbox = ( 490.89, 934.42 ) - ( 491.21, 934.56 ) on Layer met1
  violation type: Short
    srcs: net:soc/cpu/cpuregs/regs\[14\]\[30\] net:net288 
    bbox = ( 250, 964 ) - ( 250.14, 964.14 ) on Layer met1
  violation type: Short
    srcs: net:soc/cpu/cpuregs/regs\[14\]\[30\] net:net288 
    bbox = ( 252.195, 964 ) - ( 252.335, 964.14 ) on Layer met1
  violation type: Short
    srcs: net:soc/cpu/cpuregs/regs\[14\]\[30\] net:net288 
    bbox = ( 250, 964 ) - ( 252.335, 964.14 ) on Layer met1
  violation type: Metal Spacing
    srcs: net:_108_ net:net579 
    bbox = ( 552.415, 344.165 ) - ( 552.545, 344.335 ) on Layer li1
  violation type: Metal Spacing
    srcs: net:_108_ net:net579 
    bbox = ( 552.445, 344.395 ) - ( 552.525, 344.475 ) on Layer met1
  violation type: Metal Spacing
    srcs: net:net579 
    bbox = ( 552.215, 343.98 ) - ( 552.4, 344.105 ) on Layer met1
  violation type: Short
    srcs: net:soc/cpu/cpuregs/regs\[22\]\[19\] net:soc/cpu/cpuregs/regs\[23\]\[19\] 
    bbox = ( 365.94, 738.535 ) - ( 366.155, 738.55 ) on Layer met1
  violation type: Short
    srcs: net:soc/cpu/cpuregs/regs\[22\]\[19\] net:soc/cpu/cpuregs/regs\[23\]\[19\] 
    bbox = ( 365.94, 738.58 ) - ( 366.08, 738.72 ) on Layer met1
  violation type: Short
    srcs: net:soc/cpu/cpuregs/regs\[22\]\[19\] net:soc/cpu/cpuregs/regs\[23\]\[19\] 
    bbox = ( 365.94, 738.535 ) - ( 366.08, 738.72 ) on Layer met1
  violation type: Short
    srcs: net:soc/cpu/cpuregs/regs\[22\]\[19\] net:soc/cpu/cpuregs/regs\[23\]\[19\] 
    bbox = ( 364.94, 738.58 ) - ( 365.08, 738.72 ) on Layer met1
  violation type: Short
    srcs: net:soc/cpu/cpuregs/regs\[22\]\[19\] net:soc/cpu/cpuregs/regs\[23\]\[19\] 
    bbox = ( 364.94, 738.58 ) - ( 366.08, 738.72 ) on Layer met1
  violation type: Short
    srcs: net:soc/cpu/cpuregs/regs\[22\]\[19\] net:soc/cpu/cpuregs/regs\[23\]\[19\] 
    bbox = ( 365.865, 738.58 ) - ( 366.08, 738.72 ) on Layer met1
  violation type: Short
    srcs: net:soc/cpu/cpuregs/regs\[30\]\[18\] net:soc/cpu/cpuregs/regs\[31\]\[18\] 
    bbox = ( 248.54, 773.6 ) - ( 248.655, 773.74 ) on Layer met1
  violation type: Short
    srcs: net:soc/cpu/cpuregs/regs\[30\]\[18\] net:soc/cpu/cpuregs/regs\[31\]\[18\] 
    bbox = ( 248.54, 773.6 ) - ( 248.655, 773.785 ) on Layer met1
  violation type: Short
    srcs: net:soc/cpu/cpuregs/regs\[30\]\[18\] net:soc/cpu/cpuregs/regs\[31\]\[18\] 
    bbox = ( 247.64, 773.6 ) - ( 248.655, 773.74 ) on Layer met1
  violation type: Short
    srcs: net:soc/cpu/cpuregs/regs\[30\]\[18\] net:soc/cpu/cpuregs/regs\[31\]\[18\] 
    bbox = ( 248.515, 773.6 ) - ( 248.655, 773.74 ) on Layer met1
  violation type: Short
    srcs: net:soc/cpu/cpuregs/regs\[4\]\[25\] net:soc/cpu/cpuregs/regs\[5\]\[25\] 
    bbox = ( 369.06, 869.14 ) - ( 369.35, 869.28 ) on Layer met1
  violation type: Short
    srcs: net:soc/cpu/cpuregs/regs\[4\]\[25\] net:soc/cpu/cpuregs/regs\[5\]\[25\] 
    bbox = ( 368.16, 869.14 ) - ( 369.35, 869.28 ) on Layer met1
  violation type: Short
    srcs: net:soc/cpu/cpuregs/regs\[4\]\[25\] net:soc/cpu/cpuregs/regs\[5\]\[25\] 
    bbox = ( 368.16, 869.14 ) - ( 368.3, 869.28 ) on Layer met1
  violation type: Short
    srcs: net:soc/cpu/cpuregs_raddr2\[2\] net:soc/cpu/cpuregs/regs\[4\]\[7\] 
    bbox = ( 490.11, 760.295 ) - ( 490.25, 760.48 ) on Layer met1
  violation type: Short
    srcs: net:soc/cpu/cpuregs_raddr2\[2\] net:soc/cpu/cpuregs/regs\[4\]\[7\] 
    bbox = ( 490.11, 760.34 ) - ( 490.255, 760.48 ) on Layer met1
  violation type: Short
    srcs: net:soc/cpu/cpuregs_raddr2\[2\] net:soc/cpu/cpuregs/regs\[4\]\[7\] 
    bbox = ( 490.11, 760.34 ) - ( 490.25, 760.48 ) on Layer met1
  violation type: Short
    srcs: net:soc/cpu/cpuregs_raddr2\[2\] net:soc/cpu/cpuregs/regs\[4\]\[7\] 
    bbox = ( 490.11, 760.34 ) - ( 491.21, 760.48 ) on Layer met1
  violation type: Short
    srcs: net:soc/cpu/cpuregs/regs\[22\]\[28\] net:soc/cpu/cpuregs/regs\[23\]\[28\] 
    bbox = ( 487.76, 776.66 ) - ( 487.9, 776.8 ) on Layer met1
  violation type: Short
    srcs: net:soc/cpu/cpuregs/regs\[22\]\[28\] net:soc/cpu/cpuregs/regs\[23\]\[28\] 
    bbox = ( 487.76, 776.66 ) - ( 488.985, 776.8 ) on Layer met1
  violation type: Short
    srcs: net:soc/cpu/cpuregs/regs\[22\]\[28\] net:soc/cpu/cpuregs/regs\[23\]\[28\] 
    bbox = ( 488.695, 776.66 ) - ( 488.985, 776.8 ) on Layer met1
  violation type: Short
    srcs: net:soc/cpu/cpuregs/regs\[4\]\[26\] net:soc/cpu/cpuregs/regs\[5\]\[26\] 
    bbox = ( 486.98, 855.2 ) - ( 487.12, 855.34 ) on Layer met1
  violation type: Short
    srcs: net:soc/cpu/cpuregs/regs\[4\]\[26\] net:soc/cpu/cpuregs/regs\[5\]\[26\] 
    bbox = ( 487.775, 855.2 ) - ( 488.065, 855.34 ) on Layer met1
  violation type: Short
    srcs: net:soc/cpu/cpuregs/regs\[4\]\[26\] net:soc/cpu/cpuregs/regs\[5\]\[26\] 
    bbox = ( 486.98, 855.2 ) - ( 488.065, 855.34 ) on Layer met1
  violation type: Short
    srcs: net:soc/cpu/cpuregs/regs\[4\]\[26\] net:soc/cpu/cpuregs/regs\[5\]\[26\] 
    bbox = ( 487.775, 858.26 ) - ( 488.065, 858.4 ) on Layer met1
  violation type: Short
    srcs: net:soc/cpu/cpuregs/regs\[4\]\[26\] net:soc/cpu/cpuregs/regs\[5\]\[26\] 
    bbox = ( 486.98, 858.26 ) - ( 487.12, 858.4 ) on Layer met1
  violation type: Short
    srcs: net:soc/cpu/cpuregs/regs\[4\]\[26\] net:soc/cpu/cpuregs/regs\[5\]\[26\] 
    bbox = ( 486.98, 858.26 ) - ( 488.065, 858.4 ) on Layer met1
  violation type: Short
    srcs: net:net319 net:soc/cpu/cpuregs/regs\[4\]\[0\] 
    bbox = ( 489.915, 934.42 ) - ( 490.205, 934.56 ) on Layer met1
  violation type: Short
    srcs: net:net319 net:soc/cpu/cpuregs/regs\[4\]\[0\] 
    bbox = ( 489.915, 934.42 ) - ( 491.21, 934.56 ) on Layer met1
  violation type: Short
    srcs: net:soc/cpu/cpuregs/regs\[14\]\[24\] net:net288 
    bbox = ( 251.74, 890.9 ) - ( 252.06, 891.04 ) on Layer met1
  violation type: Short
    srcs: net:soc/cpu/cpuregs/regs\[14\]\[24\] net:net288 
    bbox = ( 250.835, 890.9 ) - ( 252.06, 891.04 ) on Layer met1
  violation type: Short
    srcs: net:soc/cpu/cpuregs/regs\[14\]\[24\] net:net288 
    bbox = ( 250.835, 890.9 ) - ( 251.125, 891.04 ) on Layer met1
  violation type: Short
    srcs: net:soc/cpu/cpuregs/regs\[12\]\[1\] net:soc/cpu/cpuregs/regs\[13\]\[1\] 
    bbox = ( 366.745, 972.5 ) - ( 366.885, 972.64 ) on Layer met1
  violation type: Short
    srcs: net:soc/cpu/cpuregs/regs\[12\]\[1\] net:soc/cpu/cpuregs/regs\[13\]\[1\] 
    bbox = ( 367.715, 972.5 ) - ( 368.005, 972.64 ) on Layer met1
  violation type: Short
    srcs: net:soc/cpu/cpuregs/regs\[12\]\[1\] net:soc/cpu/cpuregs/regs\[13\]\[1\] 
    bbox = ( 366.745, 972.5 ) - ( 368.005, 972.64 ) on Layer met1
  violation type: Short
    srcs: net:soc/cpu/cpuregs/regs\[12\]\[1\] net:soc/cpu/cpuregs/regs\[13\]\[1\] 
    bbox = ( 367.24, 974.88 ) - ( 367.38, 975.02 ) on Layer met1
  violation type: Short
    srcs: net:soc/cpu/cpuregs/regs\[12\]\[1\] net:soc/cpu/cpuregs/regs\[13\]\[1\] 
    bbox = ( 368.15, 974.88 ) - ( 368.29, 975.02 ) on Layer met1
  violation type: Short
    srcs: net:soc/cpu/cpuregs/regs\[12\]\[1\] net:soc/cpu/cpuregs/regs\[13\]\[1\] 
    bbox = ( 367.24, 974.88 ) - ( 368.29, 975.02 ) on Layer met1
  violation type: Short
    srcs: net:soc/cpu/cpuregs/regs\[22\]\[2\] net:soc/cpu/cpuregs/regs\[23\]\[2\] 
    bbox = ( 488.68, 880.02 ) - ( 488.82, 880.16 ) on Layer met1
  violation type: Short
    srcs: net:soc/cpu/cpuregs/regs\[22\]\[2\] net:soc/cpu/cpuregs/regs\[23\]\[2\] 
    bbox = ( 487.83, 880.02 ) - ( 487.97, 880.16 ) on Layer met1
  violation type: Short
    srcs: net:soc/cpu/cpuregs/regs\[22\]\[2\] net:soc/cpu/cpuregs/regs\[23\]\[2\] 
    bbox = ( 487.83, 880.02 ) - ( 488.82, 880.16 ) on Layer met1
  violation type: Short
    srcs: net:soc/cpu/cpuregs/regs\[14\]\[16\] net:net286 
    bbox = ( 132.09, 640.66 ) - ( 132.41, 640.8 ) on Layer met1
  violation type: Short
    srcs: net:soc/cpu/cpuregs/regs\[14\]\[16\] net:net286 
    bbox = ( 131.34, 640.66 ) - ( 132.41, 640.8 ) on Layer met1
  violation type: Short
    srcs: net:soc/cpu/cpuregs/regs\[14\]\[16\] net:net286 
    bbox = ( 131.34, 640.66 ) - ( 131.48, 640.8 ) on Layer met1
  violation type: Metal Spacing
    srcs: net:soc/cpu/cpuregs/regs\[14\]\[20\] net:net287 
    bbox = ( 132.155, 936.985 ) - ( 132.445, 937.08 ) on Layer met1
  violation type: Short
    srcs: net:net316 net:soc/cpu/cpuregs/regs\[15\]\[20\] 
    bbox = ( 132.09, 934.42 ) - ( 132.41, 934.56 ) on Layer met1
  violation type: Short
    srcs: net:net316 net:soc/cpu/cpuregs/regs\[15\]\[20\] 
    bbox = ( 131.235, 934.42 ) - ( 132.41, 934.56 ) on Layer met1
  violation type: Short
    srcs: net:net316 net:soc/cpu/cpuregs/regs\[15\]\[20\] 
    bbox = ( 131.235, 934.42 ) - ( 131.525, 934.56 ) on Layer met1
  violation type: Metal Spacing
    srcs: inst:soc/spimemio/_0797_ net:net511 
    bbox = ( 397.375, 258.825 ) - ( 397.525, 258.995 ) on Layer li1
  violation type: Metal Spacing
    srcs: net:soc/cpu/_02389_ net:net558 
    bbox = ( 397.375, 346.545 ) - ( 397.525, 346.715 ) on Layer li1
  violation type: Metal Spacing
    srcs: inst:soc/spimemio/_0872_ net:net947 
    bbox = ( 521.135, 276.215 ) - ( 521.265, 276.335 ) on Layer li1
  violation type: Metal Spacing
    srcs: net:net908 net:wave_gen_inst/_0061_ 
    bbox = ( 607.155, 158.865 ) - ( 607.295, 158.985 ) on Layer li1
  violation type: Metal Spacing
    srcs: net:soc/cpu/cpuregs_raddr2\[2\] net:soc/cpu/cpuregs/regs\[22\]\[28\] 
    bbox = ( 490.955, 779.225 ) - ( 491.21, 779.32 ) on Layer met1
